<?xml version="1.0" encoding="UTF-8"?>
<!-- Generated by org.testng.reporters.JUnitReportReporter -->
<testsuite hostname="LAPTOP-FAP6QC75" failures="0" tests="1" name="com.automationpractice.signuptests.SignUpTests" time="26.638" errors="0" timestamp="09 Oct 2020 21:08:29 GMT" skipped="0">
  <testcase classname="com.automationpractice.signuptests.SignUpTests" name="sighUp" time="26.638"/>
</testsuite> <!-- com.automationpractice.signuptests.SignUpTests -->
