<?xml version="1.0" encoding="UTF-8"?>
<!-- Generated by org.testng.reporters.JUnitReportReporter -->
<testsuite hostname="LAPTOP-FAP6QC75" failures="0" tests="1" name="com.automationpractice.login.SighUpTests" time="16.530" errors="0" timestamp="25 Jun 2020 21:44:50 GMT" skipped="0">
  <testcase classname="com.automationpractice.login.SighUpTests" name="sighUp" time="16.530"/>
</testsuite> <!-- com.automationpractice.login.SighUpTests -->
