<?xml version="1.0" encoding="UTF-8"?>
<!-- Generated by org.testng.reporters.JUnitReportReporter -->
<testsuite hostname="LAPTOP-FAP6QC75" failures="0" tests="5" name="com.automationpractice.signuptests.NegativeLogInTests" time="71.450" errors="0" timestamp="28 Sep 2020 16:25:35 GMT" skipped="0">
  <testcase classname="com.automationpractice.signuptests.NegativeLogInTests" name="negativeLogInTest" time="17.246"/>
  <testcase classname="com.automationpractice.signuptests.NegativeLogInTests" name="negativeLogInTest" time="12.445"/>
  <testcase classname="com.automationpractice.signuptests.NegativeLogInTests" name="negativeLogInTest" time="13.660"/>
  <testcase classname="com.automationpractice.signuptests.NegativeLogInTests" name="negativeLogInTest" time="14.750"/>
  <testcase classname="com.automationpractice.signuptests.NegativeLogInTests" name="negativeLogInTest" time="13.349"/>
</testsuite> <!-- com.automationpractice.signuptests.NegativeLogInTests -->
